# JRE version: OpenJDK Runtime Environment (11.0.12+7) (build 11.0.12+7-b1504.28-7817840)
# Java VM: OpenJDK 64-Bit Server VM (11.0.12+7-b1504.28-7817840, mixed mode, tiered, compressed oops, g1 gc, windows-amd64)
Heap:
 garbage-first heap   total 157696K, used 53248K [0x0000000081600000, 0x0000000100000000)
  region size 1024K, 27 young (27648K), 7 survivors (7168K)
 Metaspace       used 48832K, capacity 49488K, committed 49692K, reserved 1093632K
  class space    used 5658K, capacity 5888K, committed 5960K, reserved 1048576K
GC Heap History (10 events):
Event: 0.545 GC heap before
{Heap before GC invocations=0 (full 0):
 garbage-first heap   total 131072K, used 17408K [0x0000000081600000, 0x0000000100000000)
  region size 1024K, 14 young (14336K), 0 survivors (0K)
 Metaspace       used 9737K, capacity 9839K, committed 10112K, reserved 1058816K
  class space    used 820K, capacity 852K, committed 896K, reserved 1048576K
}
Event: 0.549 GC heap after
{Heap after GC invocations=1 (full 0):
 garbage-first heap   total 131072K, used 5581K [0x0000000081600000, 0x0000000100000000)
  region size 1024K, 2 young (2048K), 2 survivors (2048K)
 Metaspace       used 9737K, capacity 9839K, committed 10112K, reserved 1058816K
  class space    used 820K, capacity 852K, committed 896K, reserved 1048576K
}
Event: 1.611 GC heap before
{Heap before GC invocations=1 (full 0):
 garbage-first heap   total 131072K, used 52685K [0x0000000081600000, 0x0000000100000000)
  region size 1024K, 49 young (50176K), 2 survivors (2048K)
 Metaspace       used 20991K, capacity 21194K, committed 21248K, reserved 1069056K
  class space    used 2218K, capacity 2297K, committed 2304K, reserved 1048576K
}
Event: 1.626 GC heap after
{Heap after GC invocations=2 (full 0):
 garbage-first heap   total 131072K, used 9627K [0x0000000081600000, 0x0000000100000000)
  region size 1024K, 6 young (6144K), 6 survivors (6144K)
 Metaspace       used 20991K, capacity 21194K, committed 21248K, reserved 1069056K
  class space    used 2218K, capacity 2297K, committed 2304K, reserved 1048576K
}
Event: 3.178 GC heap before
{Heap before GC invocations=3 (full 0):
 garbage-first heap   total 131072K, used 64923K [0x0000000081600000, 0x0000000100000000)
  region size 1024K, 52 young (53248K), 6 survivors (6144K)
 Metaspace       used 30013K, capacity 30403K, committed 30588K, reserved 1077248K
  class space    used 3514K, capacity 3674K, committed 3708K, reserved 1048576K
}
Event: 3.204 GC heap after
{Heap after GC invocations=4 (full 0):
 garbage-first heap   total 131072K, used 22653K [0x0000000081600000, 0x0000000100000000)
  region size 1024K, 7 young (7168K), 7 survivors (7168K)
 Metaspace       used 30013K, capacity 30403K, committed 30588K, reserved 1077248K
  class space    used 3514K, capacity 3674K, committed 3708K, reserved 1048576K
}
Event: 4.097 GC heap before
{Heap before GC invocations=4 (full 0):
 garbage-first heap   total 131072K, used 55421K [0x0000000081600000, 0x0000000100000000)
  region size 1024K, 36 young (36864K), 7 survivors (7168K)
 Metaspace       used 35492K, capacity 35914K, committed 36048K, reserved 1081344K
  class space    used 4120K, capacity 4294K, committed 4348K, reserved 1048576K
}
Event: 4.113 GC heap after
{Heap after GC invocations=5 (full 0):
 garbage-first heap   total 131072K, used 25327K [0x0000000081600000, 0x0000000100000000)
  region size 1024K, 3 young (3072K), 3 survivors (3072K)
 Metaspace       used 35492K, capacity 35914K, committed 36048K, reserved 1081344K
  class space    used 4120K, capacity 4294K, committed 4348K, reserved 1048576K
}
Event: 5.935 GC heap before
{Heap before GC invocations=6 (full 0):
 garbage-first heap   total 131072K, used 81647K [0x0000000081600000, 0x0000000100000000)
  region size 1024K, 56 young (57344K), 3 survivors (3072K)
 Metaspace       used 45244K, capacity 45760K, committed 45852K, reserved 1089536K
  class space    used 5246K, capacity 5434K, committed 5448K, reserved 1048576K
}
Event: 5.983 GC heap after
{Heap after GC invocations=7 (full 0):
 garbage-first heap   total 157696K, used 33792K [0x0000000081600000, 0x0000000100000000)
  region size 1024K, 7 young (7168K), 7 survivors (7168K)
 Metaspace       used 45244K, capacity 45760K, committed 45852K, reserved 1089536K
  class space    used 5246K, capacity 5434K, committed 5448K, reserved 1048576K
}

