# JRE version: OpenJDK Runtime Environment (11.0.12+7) (build 11.0.12+7-b1504.28-7817840)
# Java VM: OpenJDK 64-Bit Server VM (11.0.12+7-b1504.28-7817840, mixed mode, tiered, compressed oops, g1 gc, windows-amd64)
Heap:
 garbage-first heap   total 208896K, used 69067K [0x0000000081600000, 0x0000000100000000)
  region size 1024K, 8 young (8192K), 8 survivors (8192K)
 Metaspace       used 61492K, capacity 62200K, committed 62364K, reserved 1103872K
  class space    used 7000K, capacity 7284K, committed 7368K, reserved 1048576K
GC Heap History (17 events):
Event: 0.504 GC heap before
{Heap before GC invocations=0 (full 0):
 garbage-first heap   total 131072K, used 17408K [0x0000000081600000, 0x0000000100000000)
  region size 1024K, 14 young (14336K), 0 survivors (0K)
 Metaspace       used 9774K, capacity 9871K, committed 10112K, reserved 1058816K
  class space    used 825K, capacity 884K, committed 896K, reserved 1048576K
}
Event: 0.507 GC heap after
{Heap after GC invocations=1 (full 0):
 garbage-first heap   total 131072K, used 5466K [0x0000000081600000, 0x0000000100000000)
  region size 1024K, 2 young (2048K), 2 survivors (2048K)
 Metaspace       used 9774K, capacity 9871K, committed 10112K, reserved 1058816K
  class space    used 825K, capacity 884K, committed 896K, reserved 1048576K
}
Event: 1.450 GC heap before
{Heap before GC invocations=1 (full 0):
 garbage-first heap   total 131072K, used 52570K [0x0000000081600000, 0x0000000100000000)
  region size 1024K, 49 young (50176K), 2 survivors (2048K)
 Metaspace       used 20982K, capacity 21194K, committed 21248K, reserved 1069056K
  class space    used 2211K, capacity 2297K, committed 2304K, reserved 1048576K
}
Event: 1.465 GC heap after
{Heap after GC invocations=2 (full 0):
 garbage-first heap   total 131072K, used 9562K [0x0000000081600000, 0x0000000100000000)
  region size 1024K, 6 young (6144K), 6 survivors (6144K)
 Metaspace       used 20982K, capacity 21194K, committed 21248K, reserved 1069056K
  class space    used 2211K, capacity 2297K, committed 2304K, reserved 1048576K
}
Event: 2.814 GC heap before
{Heap before GC invocations=3 (full 0):
 garbage-first heap   total 131072K, used 68954K [0x0000000081600000, 0x0000000100000000)
  region size 1024K, 54 young (55296K), 6 survivors (6144K)
 Metaspace       used 30044K, capacity 30467K, committed 30588K, reserved 1077248K
  class space    used 3514K, capacity 3674K, committed 3708K, reserved 1048576K
}
Event: 2.839 GC heap after
{Heap after GC invocations=4 (full 0):
 garbage-first heap   total 131072K, used 22834K [0x0000000081600000, 0x0000000100000000)
  region size 1024K, 7 young (7168K), 7 survivors (7168K)
 Metaspace       used 30044K, capacity 30467K, committed 30588K, reserved 1077248K
  class space    used 3514K, capacity 3674K, committed 3708K, reserved 1048576K
}
Event: 3.551 GC heap before
{Heap before GC invocations=4 (full 0):
 garbage-first heap   total 131072K, used 51506K [0x0000000081600000, 0x0000000100000000)
  region size 1024K, 34 young (34816K), 7 survivors (7168K)
 Metaspace       used 35478K, capacity 35914K, committed 36048K, reserved 1081344K
  class space    used 4119K, capacity 4294K, committed 4348K, reserved 1048576K
}
Event: 3.565 GC heap after
{Heap after GC invocations=5 (full 0):
 garbage-first heap   total 131072K, used 25586K [0x0000000081600000, 0x0000000100000000)
  region size 1024K, 3 young (3072K), 3 survivors (3072K)
 Metaspace       used 35478K, capacity 35914K, committed 36048K, reserved 1081344K
  class space    used 4119K, capacity 4294K, committed 4348K, reserved 1048576K
}
Event: 4.729 GC heap before
{Heap before GC invocations=6 (full 0):
 garbage-first heap   total 131072K, used 78834K [0x0000000081600000, 0x0000000100000000)
  region size 1024K, 53 young (54272K), 3 survivors (3072K)
 Metaspace       used 44814K, capacity 45344K, committed 45596K, reserved 1089536K
  class space    used 5206K, capacity 5402K, committed 5448K, reserved 1048576K
}
Event: 4.759 GC heap after
{Heap after GC invocations=7 (full 0):
 garbage-first heap   total 157696K, used 33792K [0x0000000081600000, 0x0000000100000000)
  region size 1024K, 7 young (7168K), 7 survivors (7168K)
 Metaspace       used 44814K, capacity 45344K, committed 45596K, reserved 1089536K
  class space    used 5206K, capacity 5402K, committed 5448K, reserved 1048576K
}
Event: 6.472 GC heap before
{Heap before GC invocations=8 (full 0):
 garbage-first heap   total 157696K, used 89088K [0x0000000081600000, 0x0000000100000000)
  region size 1024K, 60 young (61440K), 7 survivors (7168K)
 Metaspace       used 51538K, capacity 52159K, committed 52252K, reserved 1095680K
  class space    used 5905K, capacity 6158K, committed 6216K, reserved 1048576K
}
Event: 6.501 GC heap after
{Heap after GC invocations=9 (full 0):
 garbage-first heap   total 157696K, used 43369K [0x0000000081600000, 0x0000000100000000)
  region size 1024K, 8 young (8192K), 8 survivors (8192K)
 Metaspace       used 51538K, capacity 52159K, committed 52252K, reserved 1095680K
  class space    used 5905K, capacity 6158K, committed 6216K, reserved 1048576K
}
Event: 7.451 GC heap before
{Heap before GC invocations=9 (full 0):
 garbage-first heap   total 157696K, used 100713K [0x0000000081600000, 0x0000000100000000)
  region size 1024K, 64 young (65536K), 8 survivors (8192K)
 Metaspace       used 54344K, capacity 54964K, committed 55068K, reserved 1097728K
  class space    used 6179K, capacity 6430K, committed 6472K, reserved 1048576K
}
Event: 7.483 GC heap after
{Heap after GC invocations=10 (full 0):
 garbage-first heap   total 157696K, used 51635K [0x0000000081600000, 0x0000000100000000)
  region size 1024K, 8 young (8192K), 8 survivors (8192K)
 Metaspace       used 54344K, capacity 54964K, committed 55068K, reserved 1097728K
  class space    used 6179K, capacity 6430K, committed 6472K, reserved 1048576K
}
Event: 8.873 GC heap before
{Heap before GC invocations=10 (full 0):
 garbage-first heap   total 157696K, used 107955K [0x0000000081600000, 0x0000000100000000)
  region size 1024K, 63 young (64512K), 8 survivors (8192K)
 Metaspace       used 57892K, capacity 58579K, committed 58652K, reserved 1101824K
  class space    used 6670K, capacity 6950K, committed 6984K, reserved 1048576K
}
Event: 8.914 GC heap after
{Heap after GC invocations=11 (full 0):
 garbage-first heap   total 157696K, used 59343K [0x0000000081600000, 0x0000000100000000)
  region size 1024K, 8 young (8192K), 8 survivors (8192K)
 Metaspace       used 57892K, capacity 58579K, committed 58652K, reserved 1101824K
  class space    used 6670K, capacity 6950K, committed 6984K, reserved 1048576K
}
Event: 10.637 GC heap before
{Heap before GC invocations=11 (full 0):
 garbage-first heap   total 157696K, used 113615K [0x0000000081600000, 0x0000000100000000)
  region size 1024K, 61 young (62464K), 8 survivors (8192K)
 Metaspace       used 61492K, capacity 62200K, committed 62364K, reserved 1103872K
  class space    used 7000K, capacity 7284K, committed 7368K, reserved 1048576K
}

